TN:
SF:src/modules/appointments/services/CreateAppointmentService.ts
FN:14,CreateAppointmentService
FN:19,Object.<anonymous>.CreateAppointmentService.execute
FNF:2
FNH:2
FNDA:5,CreateAppointmentService
FNDA:7,Object.<anonymous>.CreateAppointmentService.execute
DA:1,1
DA:2,1
DA:3,1
DA:4,1
DA:5,1
DA:6,1
DA:7,1
DA:8,1
DA:9,1
DA:10,1
DA:11,1
DA:12,1
DA:13,1
DA:14,1
DA:15,5
DA:16,5
DA:17,5
DA:18,1
DA:19,1
DA:20,7
DA:21,7
DA:22,7
DA:23,7
DA:24,7
DA:25,1
DA:26,1
DA:27,6
DA:28,6
DA:29,6
DA:30,7
DA:31,1
DA:32,1
DA:33,5
DA:34,7
DA:35,2
DA:36,2
DA:37,2
DA:38,2
DA:39,3
DA:40,3
DA:41,3
DA:42,3
DA:43,7
DA:44,7
DA:45,1
DA:46,1
DA:47,2
DA:48,2
DA:49,2
DA:50,2
DA:51,2
DA:52,2
DA:53,7
DA:54,7
DA:55,7
DA:56,1
DA:57,1
DA:58,1
LF:58
LH:58
BRDA:13,0,0,1
BRDA:14,1,0,5
BRDA:19,2,0,7
BRDA:24,3,0,1
BRDA:27,4,0,6
BRDA:30,5,0,1
BRDA:33,6,0,5
BRDA:34,7,0,4
BRDA:34,8,0,2
BRDA:39,9,0,3
BRDA:44,10,0,1
BRDA:47,11,0,2
BRF:12
BRH:12
end_of_record
TN:
SF:src/modules/appointments/services/ListProviderDayAvailabilityService.ts
FN:20,ListProviderDayAvailabilityService
FN:25,Object.<anonymous>.ListProviderDayAvailabilityService.execute
FNF:2
FNH:2
FNDA:1,ListProviderDayAvailabilityService
FNDA:1,Object.<anonymous>.ListProviderDayAvailabilityService.execute
DA:1,1
DA:2,1
DA:3,1
DA:4,1
DA:5,1
DA:6,1
DA:7,1
DA:8,1
DA:9,1
DA:10,1
DA:11,1
DA:12,1
DA:13,1
DA:14,1
DA:15,1
DA:16,1
DA:17,1
DA:18,1
DA:19,1
DA:20,1
DA:21,1
DA:22,1
DA:23,1
DA:24,1
DA:25,1
DA:26,1
DA:27,1
DA:28,1
DA:29,1
DA:30,1
DA:31,1
DA:32,1
DA:33,1
DA:34,1
DA:35,1
DA:36,1
DA:37,1
DA:38,1
DA:39,1
DA:40,1
DA:41,1
DA:42,1
DA:43,1
DA:44,1
DA:45,1
DA:46,1
DA:47,1
DA:48,1
DA:49,1
DA:50,10
DA:51,10
DA:52,10
DA:53,10
DA:54,10
DA:55,10
DA:56,10
DA:57,10
DA:58,10
DA:59,10
DA:60,10
DA:61,10
DA:62,1
DA:63,1
DA:64,1
DA:65,1
DA:66,1
DA:67,1
DA:68,1
LF:68
LH:68
BRDA:19,0,0,1
BRDA:20,1,0,1
BRDA:25,2,0,1
BRDA:31,3,0,1
BRDA:44,4,0,10
BRDA:49,5,0,10
BRDA:56,6,0,8
BRDA:51,7,0,19
BRF:8
BRH:8
end_of_record
TN:
SF:src/modules/appointments/services/ListProviderMonthAvailabilityService.ts
FN:19,ListProviderMonthAvailability
FN:24,Object.<anonymous>.ListProviderMonthAvailability.execute
FNF:2
FNH:2
FNDA:1,ListProviderMonthAvailability
FNDA:1,Object.<anonymous>.ListProviderMonthAvailability.execute
DA:1,1
DA:2,1
DA:3,1
DA:4,1
DA:5,1
DA:6,1
DA:7,1
DA:8,1
DA:9,1
DA:10,1
DA:11,1
DA:12,1
DA:13,1
DA:14,1
DA:15,1
DA:16,1
DA:17,1
DA:18,1
DA:19,1
DA:20,1
DA:21,1
DA:22,1
DA:23,1
DA:24,1
DA:25,1
DA:26,1
DA:27,1
DA:28,1
DA:29,1
DA:30,1
DA:31,1
DA:32,1
DA:33,1
DA:34,1
DA:35,1
DA:36,1
DA:37,1
DA:38,1
DA:39,1
DA:40,1
DA:41,1
DA:42,1
DA:43,1
DA:44,1
DA:45,1
DA:46,1
DA:47,1
DA:48,31
DA:49,341
DA:50,31
DA:51,31
DA:52,31
DA:53,31
DA:54,31
DA:55,0
DA:56,31
DA:57,0
DA:58,31
DA:59,8
DA:60,31
DA:61,23
DA:62,23
DA:63,31
DA:64,31
DA:65,31
DA:66,31
DA:67,31
DA:68,1
DA:69,1
DA:70,1
DA:71,1
DA:72,1
DA:73,1
DA:74,1
LF:74
LH:72
BRDA:18,0,0,1
BRDA:19,1,0,1
BRDA:24,2,0,1
BRDA:29,3,0,1
BRDA:44,4,0,31
BRDA:47,5,0,31
BRDA:54,6,0,0
BRDA:56,7,0,0
BRDA:58,8,0,8
BRDA:60,9,0,23
BRDA:48,10,0,341
BRF:11
BRH:9
end_of_record
TN:
SF:src/modules/appointments/services/ListProvidersService.ts
FN:12,ListProvidersService
FN:17,Object.<anonymous>.ListProvidersService.execute
FNF:2
FNH:2
FNDA:2,ListProvidersService
FNDA:2,Object.<anonymous>.ListProvidersService.execute
DA:1,1
DA:2,1
DA:3,1
DA:4,1
DA:5,1
DA:6,1
DA:7,1
DA:8,1
DA:9,1
DA:10,1
DA:11,1
DA:12,1
DA:13,2
DA:14,2
DA:15,2
DA:16,1
DA:17,1
DA:18,2
DA:19,2
DA:20,2
DA:21,2
DA:22,2
DA:23,2
DA:24,1
DA:25,1
DA:26,1
LF:26
LH:26
BRDA:11,0,0,1
BRDA:12,1,0,2
BRDA:17,2,0,2
BRDA:18,3,0,2
BRF:4
BRH:4
end_of_record
TN:
SF:src/modules/users/services/AuthService.ts
FN:22,AuthService
FN:30,Object.<anonymous>.AuthService.execute
FNF:2
FNH:2
FNDA:3,AuthService
FNDA:3,Object.<anonymous>.AuthService.execute
DA:1,1
DA:2,1
DA:3,1
DA:4,1
DA:5,1
DA:6,1
DA:7,1
DA:8,1
DA:9,1
DA:10,1
DA:11,1
DA:12,1
DA:13,1
DA:14,1
DA:15,1
DA:16,1
DA:17,1
DA:18,1
DA:19,1
DA:20,1
DA:21,1
DA:22,1
DA:23,3
DA:24,3
DA:25,3
DA:26,3
DA:27,3
DA:28,3
DA:29,1
DA:30,1
DA:31,3
DA:32,3
DA:33,3
DA:34,3
DA:35,3
DA:36,3
DA:37,1
DA:38,1
DA:39,2
DA:40,2
DA:41,2
DA:42,2
DA:43,2
DA:44,3
DA:45,1
DA:46,1
DA:47,1
DA:48,1
DA:49,1
DA:50,1
DA:51,1
DA:52,1
DA:53,1
DA:54,1
DA:55,1
DA:56,1
DA:57,1
DA:58,1
DA:59,3
DA:60,1
DA:61,1
DA:62,1
LF:62
LH:62
BRDA:21,0,0,1
BRDA:22,1,0,3
BRDA:30,2,0,3
BRDA:34,3,0,3
BRDA:36,4,0,1
BRDA:39,5,0,2
BRDA:44,6,0,1
BRF:7
BRH:7
end_of_record
TN:
SF:src/modules/users/services/CreateUserService.ts
FN:16,CreateUserService
FN:23,Object.<anonymous>.CreateUserService.execute
FNF:2
FNH:2
FNDA:5,CreateUserService
FNDA:5,Object.<anonymous>.CreateUserService.execute
DA:1,1
DA:2,1
DA:3,1
DA:4,1
DA:5,1
DA:6,1
DA:7,1
DA:8,1
DA:9,1
DA:10,1
DA:11,1
DA:12,1
DA:13,1
DA:14,1
DA:15,2
DA:16,2
DA:17,5
DA:18,5
DA:19,5
DA:20,5
DA:21,5
DA:22,2
DA:23,2
DA:24,5
DA:25,5
DA:26,5
DA:27,5
DA:28,5
DA:29,5
DA:30,5
DA:31,1
DA:32,1
DA:33,4
DA:34,4
DA:35,5
DA:36,5
DA:37,5
DA:38,5
DA:39,5
DA:40,5
DA:41,5
DA:42,5
DA:43,5
DA:44,5
DA:45,5
DA:46,5
DA:47,2
DA:48,1
DA:49,1
LF:49
LH:49
BRDA:15,0,0,2
BRDA:16,1,0,5
BRDA:23,2,0,5
BRDA:28,3,0,5
BRDA:30,4,0,1
BRDA:33,5,0,4
BRF:6
BRH:6
end_of_record
TN:
SF:src/modules/users/services/ResetPasswordService.ts
FN:17,ResetPasswordService
FN:28,Object.<anonymous>.ResetPasswordService.execute
FNF:2
FNH:2
FNDA:4,ResetPasswordService
FNDA:5,Object.<anonymous>.ResetPasswordService.execute
DA:1,1
DA:2,1
DA:3,1
DA:4,1
DA:5,1
DA:6,1
DA:7,1
DA:8,1
DA:9,1
DA:10,1
DA:11,1
DA:12,1
DA:13,1
DA:14,1
DA:15,1
DA:16,1
DA:17,1
DA:18,4
DA:19,4
DA:20,4
DA:21,4
DA:22,4
DA:23,4
DA:24,4
DA:25,4
DA:26,4
DA:27,1
DA:28,1
DA:29,5
DA:30,5
DA:31,5
DA:32,5
DA:33,5
DA:34,1
DA:35,1
DA:36,4
DA:37,4
DA:38,5
DA:39,1
DA:40,1
DA:41,3
DA:42,3
DA:43,3
DA:44,3
DA:45,3
DA:46,5
DA:47,1
DA:48,1
DA:49,2
DA:50,2
DA:51,5
DA:52,5
DA:53,5
DA:54,5
DA:55,1
DA:56,1
DA:57,1
LF:57
LH:57
BRDA:16,0,0,1
BRDA:17,1,0,4
BRDA:28,2,0,5
BRDA:32,3,0,5
BRDA:33,4,0,1
BRDA:36,5,0,4
BRDA:38,6,0,1
BRDA:41,7,0,3
BRDA:46,8,0,1
BRDA:49,9,0,2
BRF:10
BRH:10
end_of_record
TN:
SF:src/modules/users/services/SendForgotPasswordEmailService.ts
FN:17,SendForgotPasswordEmalService
FN:28,Object.<anonymous>.SendForgotPasswordEmalService.execute
FNF:2
FNH:2
FNDA:3,SendForgotPasswordEmalService
FNDA:3,Object.<anonymous>.SendForgotPasswordEmalService.execute
DA:1,1
DA:2,1
DA:3,1
DA:4,1
DA:5,1
DA:6,1
DA:7,1
DA:8,1
DA:9,1
DA:10,1
DA:11,1
DA:12,1
DA:13,1
DA:14,1
DA:15,1
DA:16,1
DA:17,1
DA:18,3
DA:19,3
DA:20,3
DA:21,3
DA:22,3
DA:23,3
DA:24,3
DA:25,3
DA:26,3
DA:27,1
DA:28,1
DA:29,3
DA:30,3
DA:31,3
DA:32,1
DA:33,1
DA:34,2
DA:35,2
DA:36,3
DA:37,3
DA:38,3
DA:39,3
DA:40,3
DA:41,3
DA:42,3
DA:43,3
DA:44,3
DA:45,3
DA:46,3
DA:47,3
DA:48,3
DA:49,3
DA:50,3
DA:51,3
DA:52,3
DA:53,3
DA:54,3
DA:55,3
DA:56,3
DA:57,3
DA:58,3
DA:59,3
DA:60,3
DA:61,3
DA:62,1
DA:63,1
DA:64,1
LF:64
LH:64
BRDA:16,0,0,1
BRDA:17,1,0,3
BRDA:28,2,0,3
BRDA:29,3,0,3
BRDA:31,4,0,1
BRDA:34,5,0,2
BRF:6
BRH:6
end_of_record
TN:
SF:src/modules/users/services/ShowProfileService.ts
FN:11,ShowProfileService
FN:16,Object.<anonymous>.ShowProfileService.execute
FNF:2
FNH:2
FNDA:2,ShowProfileService
FNDA:2,Object.<anonymous>.ShowProfileService.execute
DA:1,1
DA:2,1
DA:3,1
DA:4,1
DA:5,1
DA:6,1
DA:7,1
DA:8,1
DA:9,1
DA:10,1
DA:11,1
DA:12,2
DA:13,2
DA:14,2
DA:15,1
DA:16,1
DA:17,2
DA:18,2
DA:19,2
DA:20,1
DA:21,1
DA:22,1
DA:23,1
DA:24,2
DA:25,1
DA:26,1
DA:27,1
LF:27
LH:27
BRDA:10,0,0,1
BRDA:11,1,0,2
BRDA:16,2,0,2
BRDA:17,3,0,2
BRDA:19,4,0,1
BRF:5
BRH:5
end_of_record
TN:
SF:src/modules/users/services/UpdateAvatarService.ts
FN:13,UpdateAvatarService
FN:21,Object.<anonymous>.UpdateAvatarService.execute
FNF:2
FNH:2
FNDA:4,UpdateAvatarService
FNDA:6,Object.<anonymous>.UpdateAvatarService.execute
DA:1,1
DA:2,1
DA:3,1
DA:4,1
DA:5,1
DA:6,1
DA:7,1
DA:8,1
DA:9,1
DA:10,1
DA:11,1
DA:12,1
DA:13,1
DA:14,4
DA:15,4
DA:16,4
DA:17,4
DA:18,4
DA:19,4
DA:20,1
DA:21,1
DA:22,6
DA:23,6
DA:24,6
DA:25,6
DA:26,6
DA:27,6
DA:28,1
DA:29,1
DA:30,5
DA:31,5
DA:32,2
DA:33,6
DA:34,6
DA:35,6
DA:36,6
DA:37,6
DA:38,6
DA:39,6
DA:40,6
DA:41,6
DA:42,6
DA:43,6
DA:44,1
DA:45,1
DA:46,1
LF:46
LH:46
BRDA:12,0,0,1
BRDA:13,1,0,4
BRDA:21,2,0,6
BRDA:25,3,0,6
BRDA:27,4,0,1
BRDA:30,5,0,5
BRDA:31,6,0,3
BRDA:31,7,0,2
BRDA:35,8,0,5
BRF:9
BRH:9
end_of_record
TN:
SF:src/modules/users/services/UpdateProfileService.ts
FN:16,UpdateProfileService
FN:24,Object.<anonymous>.UpdateProfileService.execute
FNF:2
FNH:2
FNDA:8,UpdateProfileService
FNDA:8,Object.<anonymous>.UpdateProfileService.execute
DA:1,1
DA:2,1
DA:3,1
DA:4,1
DA:5,1
DA:6,1
DA:7,1
DA:8,1
DA:9,1
DA:10,1
DA:11,1
DA:12,1
DA:13,1
DA:14,1
DA:15,1
DA:16,1
DA:17,8
DA:18,8
DA:19,8
DA:20,8
DA:21,8
DA:22,8
DA:23,1
DA:24,1
DA:25,8
DA:26,8
DA:27,8
DA:28,8
DA:29,8
DA:30,8
DA:31,8
DA:32,8
DA:33,8
DA:34,1
DA:35,1
DA:36,7
DA:37,7
DA:38,8
DA:39,1
DA:40,1
DA:41,6
DA:42,6
DA:43,8
DA:44,1
DA:45,1
DA:46,8
DA:47,1
DA:48,1
DA:49,1
DA:50,8
DA:51,8
DA:52,8
DA:53,8
DA:54,8
DA:55,8
DA:56,8
DA:57,8
DA:58,1
DA:59,1
DA:60,1
LF:60
LH:60
BRDA:15,0,0,1
BRDA:16,1,0,8
BRDA:24,2,0,8
BRDA:31,3,0,8
BRDA:33,4,0,1
BRDA:36,5,0,7
BRDA:38,6,0,4
BRDA:38,7,0,1
BRDA:41,8,0,6
BRDA:42,9,0,3
BRDA:43,10,0,1
BRDA:46,11,0,2
BRDA:46,12,0,1
BRF:13
BRH:13
end_of_record
